TN:
SF:src\index.ts
FN:11,executeSkill
FNF:1
FNH:1
FNDA:3,executeSkill
DA:2,1
DA:3,1
DA:11,1
DA:12,3
DA:14,3
DA:16,2
DA:17,1
DA:21,1
DA:23,1
DA:27,2
DA:28,2
DA:33,1
LF:12
LH:12
BRDA:16,0,0,1
BRDA:16,0,1,1
BRF:2
BRH:2
end_of_record
TN:
SF:src\renderer.ts
FN:9,getBrowser
FN:19,renderCards
FN:61,closeBrowser
FNF:3
FNH:3
FNDA:4,getBrowser
FNDA:4,renderCards
FNDA:5,closeBrowser
DA:1,2
DA:2,2
DA:3,2
DA:4,2
DA:7,2
DA:10,4
DA:11,3
DA:16,4
DA:19,2
DA:20,4
DA:21,4
DA:22,4
DA:24,4
DA:25,4
DA:30,4
DA:32,4
DA:33,4
DA:34,4
DA:35,4
DA:37,4
DA:40,4
DA:42,4
DA:43,4
DA:44,3
DA:45,3
DA:47,1
DA:50,3
DA:53,4
DA:58,3
DA:61,2
DA:62,5
DA:63,3
DA:64,3
LF:33
LH:33
BRDA:10,0,0,3
BRDA:10,0,1,1
BRDA:43,1,0,3
BRDA:43,1,1,1
BRDA:62,2,0,3
BRDA:62,2,1,2
BRF:6
BRH:6
end_of_record
TN:
SF:src\scraper.ts
FN:24,mockLlmProcess
FN:32,scrapeTrending
FNF:2
FNH:2
FNDA:3,mockLlmProcess
FNDA:6,scrapeTrending
DA:1,2
DA:2,2
DA:3,2
DA:7,2
DA:15,2
DA:26,3
DA:27,1
DA:29,2
DA:32,2
DA:33,6
DA:36,6
DA:37,6
DA:38,6
DA:39,6
DA:40,6
DA:42,6
DA:44,6
DA:45,6
DA:46,4
DA:48,4
DA:49,4
DA:51,4
DA:52,4
DA:55,4
DA:56,4
DA:59,4
DA:61,4
DA:63,2
DA:64,2
DA:65,2
DA:66,1
DA:67,1
DA:68,1
DA:70,1
DA:74,2
DA:78,4
DA:79,4
DA:80,4
DA:81,4
DA:82,4
DA:85,4
DA:86,4
DA:89,4
DA:90,4
DA:91,4
DA:92,4
DA:94,4
DA:104,4
DA:106,2
DA:107,2
LF:50
LH:50
BRDA:26,0,0,1
BRDA:26,0,1,2
BRDA:33,1,0,2
BRDA:33,2,0,6
BRDA:33,3,0,6
BRDA:37,4,0,0
BRDA:37,4,1,6
BRDA:39,5,0,6
BRDA:39,5,1,0
BRDA:40,6,0,0
BRDA:40,6,1,6
BRDA:61,7,0,2
BRDA:61,7,1,2
BRDA:67,8,0,1
BRDA:67,8,1,1
BRDA:67,8,2,0
BRDA:68,9,0,1
BRDA:68,9,1,0
BRDA:79,10,0,2
BRDA:79,10,1,2
BRDA:82,11,0,2
BRDA:82,11,1,2
BRDA:86,12,0,2
BRDA:86,12,1,2
BRDA:92,13,0,2
BRDA:92,13,1,2
BRDA:106,14,0,1
BRDA:106,14,1,1
BRF:28
BRH:23
end_of_record
